<?xml version="1.0" encoding="UTF-8"?>
<!-- Generated by org.testng.reporters.JUnitReportReporter -->
<testsuite skipped="0" hostname="LENOVO-PC" name="testCases.GridTest" tests="1" failures="0" timestamp="14 Jun 2017 00:45:44 GMT" time="55.165" errors="0">
  <testcase name="test1" time="55.165" classname="testCases.GridTest"/>
</testsuite> <!-- testCases.GridTest -->
