<?xml version="1.0" encoding="UTF-8"?>
<!-- Generated by org.testng.reporters.JUnitReportReporter -->
<testsuite skipped="0" hostname="LENOVO-PC" name="testCases.GridTest3" tests="1" failures="0" timestamp="14 Jun 2017 03:58:41 GMT" time="32.386" errors="0">
  <testcase name="test1" time="32.386" classname="testCases.GridTest3"/>
</testsuite> <!-- testCases.GridTest3 -->
