<?xml version="1.0" encoding="UTF-8"?>
<!-- Generated by org.testng.reporters.JUnitReportReporter -->
<testsuite hostname="LENOVO-PC" name="unitTestcases.StartBrowser" tests="2" failures="0" timestamp="23 May 2017 02:21:37 GMT" time="1.327" errors="0">
  <testcase name="testExcelData" time="1.296" classname="unitTestcases.StartBrowser"/>
  <testcase name="testConfigFile" time="0.031" classname="unitTestcases.StartBrowser"/>
</testsuite> <!-- unitTestcases.StartBrowser -->
