<?xml version="1.0" encoding="UTF-8"?>
<!-- Generated by org.testng.reporters.JUnitReportReporter -->
<testsuite hostname="LENOVO-PC" name="testCases.HeadLess" tests="1" failures="0" timestamp="12 Jun 2017 06:21:10 GMT" time="27.386" errors="0">
  <testcase name="login" time="27.386" classname="testCases.HeadLess"/>
</testsuite> <!-- testCases.HeadLess -->
