<?xml version="1.0" encoding="UTF-8"?>
<!-- Generated by org.testng.reporters.JUnitReportReporter -->
<testsuite skipped="0" hostname="LENOVO-PC" name="testCases.GridTest2" tests="1" failures="0" timestamp="14 Jun 2017 03:48:50 GMT" time="21.631" errors="0">
  <testcase name="test1" time="21.631" classname="testCases.GridTest2"/>
</testsuite> <!-- testCases.GridTest2 -->
